<?xml version="1.0" encoding="UTF-8"?>
<!-- Generated by org.testng.reporters.JUnitReportReporter -->
<testsuite hostname="Mythri" failures="0" tests="1" name="Selenium_Project.TestCases.SingUpPage" time="3.635" errors="0" timestamp="2024-09-16T12:09:43 CDT" skipped="0">
  <testcase classname="Selenium_Project.TestCases.SingUpPage" name="Registration" time="3.635"/>
</testsuite> <!-- Selenium_Project.TestCases.SingUpPage -->
